<?xml version="1.0" encoding="UTF-8"?>
<!-- Generated by org.testng.reporters.JUnitXMLReporter -->
<testsuite ignored="0" hostname="DESKTOP-BPCSJES" failures="0" tests="10" name="Default test" time="20.196" errors="0" timestamp="2022-05-17T00:34:17 IST">
  <testcase classname="testCases.TC_Post_VideoGame_DDT" name="test_addNewVideoGame" time="7.815"/>
  <testcase classname="testCases.TC_Post_VideoGame_DDT" name="test_addNewVideoGame" time="0.077"/>
  <testcase classname="testCases.TC_Post_VideoGame_DDT" name="test_addNewVideoGame" time="0.091"/>
  <testcase classname="testCases.TC_Post_VideoGame_DDT" name="test_addNewVideoGame" time="0.084"/>
  <testcase classname="testCases.TC_Post_VideoGame_DDT" name="test_addNewVideoGame" time="0.067"/>
  <testcase classname="testCases.TC_Post_VideoGame_DDT" name="test_getVideoGame" time="2.99"/>
  <testcase classname="testCases.TC_Post_VideoGame_DDT" name="test_getVideoGame" time="0.293"/>
  <testcase classname="testCases.TC_Post_VideoGame_DDT" name="test_getVideoGame" time="0.132"/>
  <testcase classname="testCases.TC_Post_VideoGame_DDT" name="test_getVideoGame" time="0.138"/>
  <testcase classname="testCases.TC_Post_VideoGame_DDT" name="test_getVideoGame" time="0.125"/>
</testsuite> <!-- Default test -->
