<?xml version="1.0" encoding="UTF-8"?>
<!-- Generated by org.testng.reporters.JUnitXMLReporter -->
<testsuite ignored="0" hostname="DESKTOP-BPCSJES" failures="0" tests="16" name="video game test" time="16.314" errors="0" timestamp="2022-05-17T11:48:22 IST">
  <testcase classname="testCases.TC_VideoGameAPI_Tests" name="test_getAllVideoGames" time="8.149"/>
  <testcase classname="testCases.TC_VideoGameAPI_Tests" name="test_addNewVideoGame" time="1.405"/>
  <testcase classname="testCases.TC_VideoGameAPI_Tests" name="test_getVideoGame" time="1.284"/>
  <testcase classname="testCases.TC_VideoGameAPI_Tests" name="test_UpdateVideoGame" time="0.127"/>
  <testcase classname="testCases.TC_VideoGameAPI_Tests" name="test_DeleteVideoGame" time="0.063"/>
  <testcase classname="testCases.TC_Post_VideoGame_DDT" name="test_addNewVideoGame" time="0.155"/>
  <testcase classname="testCases.TC_Post_VideoGame_DDT" name="test_addNewVideoGame" time="0.052"/>
  <testcase classname="testCases.TC_Post_VideoGame_DDT" name="test_addNewVideoGame" time="0.043"/>
  <testcase classname="testCases.TC_Post_VideoGame_DDT" name="test_addNewVideoGame" time="0.064"/>
  <testcase classname="testCases.TC_Post_VideoGame_DDT" name="test_addNewVideoGame" time="0.053"/>
  <testcase classname="testCases.TC_Post_VideoGame_DDT" name="test_getVideoGame" time="0.09"/>
  <testcase classname="testCases.TC_Post_VideoGame_DDT" name="test_getVideoGame" time="0.073"/>
  <testcase classname="testCases.TC_Post_VideoGame_DDT" name="test_getVideoGame" time="0.083"/>
  <testcase classname="testCases.TC_Post_VideoGame_DDT" name="test_getVideoGame" time="0.092"/>
  <testcase classname="testCases.TC_Post_VideoGame_DDT" name="test_getVideoGame" time="0.081"/>
  <testcase classname="testCases.TC_Post_VideoGame_Pojo" name="test_addNewVideoGame" time="0.078"/>
</testsuite> <!-- video game test -->
