<?xml version="1.0" encoding="UTF-8"?>
<!-- Generated by org.testng.reporters.JUnitXMLReporter -->
<testsuite hostname="DESKTOP-BPCSJES" ignored="0" name="video game test" tests="16" failures="0" timestamp="2022-05-17T11:59:25 IST" time="13.901" errors="0">
  <testcase name="test_getAllVideoGames" time="5.403" classname="testCases.TC_VideoGameAPI_Tests"/>
  <testcase name="test_addNewVideoGame" time="1.075" classname="testCases.TC_VideoGameAPI_Tests"/>
  <testcase name="test_getVideoGame" time="1.626" classname="testCases.TC_VideoGameAPI_Tests"/>
  <testcase name="test_UpdateVideoGame" time="0.182" classname="testCases.TC_VideoGameAPI_Tests"/>
  <testcase name="test_DeleteVideoGame" time="0.067" classname="testCases.TC_VideoGameAPI_Tests"/>
  <testcase name="test_addNewVideoGame" time="0.162" classname="testCases.TC_Post_VideoGame_DDT"/>
  <testcase name="test_addNewVideoGame" time="0.038" classname="testCases.TC_Post_VideoGame_DDT"/>
  <testcase name="test_addNewVideoGame" time="0.035" classname="testCases.TC_Post_VideoGame_DDT"/>
  <testcase name="test_addNewVideoGame" time="0.027" classname="testCases.TC_Post_VideoGame_DDT"/>
  <testcase name="test_addNewVideoGame" time="0.03" classname="testCases.TC_Post_VideoGame_DDT"/>
  <testcase name="test_getVideoGame" time="0.131" classname="testCases.TC_Post_VideoGame_DDT"/>
  <testcase name="test_getVideoGame" time="0.084" classname="testCases.TC_Post_VideoGame_DDT"/>
  <testcase name="test_getVideoGame" time="0.151" classname="testCases.TC_Post_VideoGame_DDT"/>
  <testcase name="test_getVideoGame" time="0.075" classname="testCases.TC_Post_VideoGame_DDT"/>
  <testcase name="test_getVideoGame" time="0.12" classname="testCases.TC_Post_VideoGame_DDT"/>
  <testcase name="test_addNewVideoGame" time="0.233" classname="testCases.TC_Post_VideoGame_Pojo"/>
</testsuite> <!-- video game test -->
