<?xml version="1.0" encoding="UTF-8"?>
<testsuite xmlns:xsi="http://www.w3.org/2001/XMLSchema-instance" xsi:noNamespaceSchemaLocation="https://maven.apache.org/surefire/maven-surefire-plugin/xsd/surefire-test-report-3.0.xsd" version="3.0" name="TestSuite" time="15.61" tests="16" errors="0" skipped="0" failures="0">
  <properties>
[...]
</properties>
  <testcase name="test_getAllVideoGames" classname="testCases.TC_VideoGameAPI_Tests" time="5.411"/>
  <testcase name="test_addNewVideoGame" classname="testCases.TC_VideoGameAPI_Tests" time="1.066"/>
  <testcase name="test_getVideoGame" classname="testCases.TC_VideoGameAPI_Tests" time="1.625"/>
  <testcase name="test_UpdateVideoGame" classname="testCases.TC_VideoGameAPI_Tests" time="0.182"/>
  <testcase name="test_DeleteVideoGame" classname="testCases.TC_VideoGameAPI_Tests" time="0.093"/>
  <testcase name="test_addNewVideoGame" classname="testCases.TC_Post_VideoGame_DDT" time="0.162"/>
  <testcase name="test_addNewVideoGame" classname="testCases.TC_Post_VideoGame_DDT" time="0.034"/>
  <testcase name="test_addNewVideoGame" classname="testCases.TC_Post_VideoGame_DDT" time="0.033"/>
  <testcase name="test_addNewVideoGame" classname="testCases.TC_Post_VideoGame_DDT" time="0.031"/>
  <testcase name="test_addNewVideoGame" classname="testCases.TC_Post_VideoGame_DDT" time="0.026"/>
  <testcase name="test_getVideoGame" classname="testCases.TC_Post_VideoGame_DDT" time="0.129"/>
  <testcase name="test_getVideoGame" classname="testCases.TC_Post_VideoGame_DDT" time="0.084"/>
  <testcase name="test_getVideoGame" classname="testCases.TC_Post_VideoGame_DDT" time="0.128"/>
  <testcase name="test_getVideoGame" classname="testCases.TC_Post_VideoGame_DDT" time="0.075"/>
  <testcase name="test_getVideoGame" classname="testCases.TC_Post_VideoGame_DDT" time="0.119"/>
  <testcase name="test_addNewVideoGame" classname="testCases.TC_Post_VideoGame_Pojo" time="0.373"/>
</testsuite>