<?xml version="1.0" encoding="UTF-8"?>
<testng-results ignored="0" total="16" passed="16" failed="0" skipped="0">
  <reporter-output>
  </reporter-output>
  <suite started-at="2022-05-17T11:48:06 IST" name="video game suite" finished-at="2022-05-17T11:48:22 IST" duration-ms="16314">
    <groups>
    </groups>
    <test started-at="2022-05-17T11:48:06 IST" name="video game test" finished-at="2022-05-17T11:48:22 IST" duration-ms="16314">
      <class name="testCases.TC_Post_VideoGame_Pojo">
        <test-method signature="test_addNewVideoGame()[pri:1, instance:testCases.TC_Post_VideoGame_Pojo@f0da945]" started-at="2022-05-17T11:48:22 IST" name="test_addNewVideoGame" finished-at="2022-05-17T11:48:22 IST" duration-ms="78" status="PASS">
          <reporter-output>
          </reporter-output>
        </test-method> <!-- test_addNewVideoGame -->
      </class> <!-- testCases.TC_Post_VideoGame_Pojo -->
      <class name="testCases.TC_Post_VideoGame_DDT">
        <test-method signature="test_addNewVideoGame(java.lang.String,java.lang.String,java.lang.String,java.lang.String,java.lang.String,java.lang.String)[pri:1, instance:testCases.TC_Post_VideoGame_DDT@3c7f66c4]" started-at="2022-05-17T11:48:20 IST" name="test_addNewVideoGame" data-provider="dp" finished-at="2022-05-17T11:48:21 IST" duration-ms="155" status="PASS">
          <params>
            <param index="0">
              <value>
                <![CDATA[151]]>
              </value>
            </param>
            <param index="1">
              <value>
                <![CDATA[Hide-and-seek]]>
              </value>
            </param>
            <param index="2">
              <value>
                <![CDATA[2019-09-20T08:55:58.510Z]]>
              </value>
            </param>
            <param index="3">
              <value>
                <![CDATA[4]]>
              </value>
            </param>
            <param index="4">
              <value>
                <![CDATA[Adventure]]>
              </value>
            </param>
            <param index="5">
              <value>
                <![CDATA[Universal]]>
              </value>
            </param>
          </params>
          <reporter-output>
          </reporter-output>
        </test-method> <!-- test_addNewVideoGame -->
        <test-method signature="test_addNewVideoGame(java.lang.String,java.lang.String,java.lang.String,java.lang.String,java.lang.String,java.lang.String)[pri:1, instance:testCases.TC_Post_VideoGame_DDT@3c7f66c4]" started-at="2022-05-17T11:48:21 IST" name="test_addNewVideoGame" data-provider="dp" finished-at="2022-05-17T11:48:21 IST" duration-ms="52" status="PASS">
          <params>
            <param index="0">
              <value>
                <![CDATA[152]]>
              </value>
            </param>
            <param index="1">
              <value>
                <![CDATA[Musical chairs]]>
              </value>
            </param>
            <param index="2">
              <value>
                <![CDATA[2019-09-20T08:55:58.510Z]]>
              </value>
            </param>
            <param index="3">
              <value>
                <![CDATA[3]]>
              </value>
            </param>
            <param index="4">
              <value>
                <![CDATA[Adventure]]>
              </value>
            </param>
            <param index="5">
              <value>
                <![CDATA[Universal]]>
              </value>
            </param>
          </params>
          <reporter-output>
          </reporter-output>
        </test-method> <!-- test_addNewVideoGame -->
        <test-method signature="test_addNewVideoGame(java.lang.String,java.lang.String,java.lang.String,java.lang.String,java.lang.String,java.lang.String)[pri:1, instance:testCases.TC_Post_VideoGame_DDT@3c7f66c4]" started-at="2022-05-17T11:48:21 IST" name="test_addNewVideoGame" data-provider="dp" finished-at="2022-05-17T11:48:21 IST" duration-ms="43" status="PASS">
          <params>
            <param index="0">
              <value>
                <![CDATA[153]]>
              </value>
            </param>
            <param index="1">
              <value>
                <![CDATA[Charades]]>
              </value>
            </param>
            <param index="2">
              <value>
                <![CDATA[2019-09-20T08:55:58.510Z]]>
              </value>
            </param>
            <param index="3">
              <value>
                <![CDATA[4]]>
              </value>
            </param>
            <param index="4">
              <value>
                <![CDATA[Adventure]]>
              </value>
            </param>
            <param index="5">
              <value>
                <![CDATA[Universal]]>
              </value>
            </param>
          </params>
          <reporter-output>
          </reporter-output>
        </test-method> <!-- test_addNewVideoGame -->
        <test-method signature="test_addNewVideoGame(java.lang.String,java.lang.String,java.lang.String,java.lang.String,java.lang.String,java.lang.String)[pri:1, instance:testCases.TC_Post_VideoGame_DDT@3c7f66c4]" started-at="2022-05-17T11:48:21 IST" name="test_addNewVideoGame" data-provider="dp" finished-at="2022-05-17T11:48:21 IST" duration-ms="64" status="PASS">
          <params>
            <param index="0">
              <value>
                <![CDATA[154]]>
              </value>
            </param>
            <param index="1">
              <value>
                <![CDATA[Pictionary]]>
              </value>
            </param>
            <param index="2">
              <value>
                <![CDATA[2019-09-20T08:55:58.510Z]]>
              </value>
            </param>
            <param index="3">
              <value>
                <![CDATA[5]]>
              </value>
            </param>
            <param index="4">
              <value>
                <![CDATA[Adventure]]>
              </value>
            </param>
            <param index="5">
              <value>
                <![CDATA[Universal]]>
              </value>
            </param>
          </params>
          <reporter-output>
          </reporter-output>
        </test-method> <!-- test_addNewVideoGame -->
        <test-method signature="test_addNewVideoGame(java.lang.String,java.lang.String,java.lang.String,java.lang.String,java.lang.String,java.lang.String)[pri:1, instance:testCases.TC_Post_VideoGame_DDT@3c7f66c4]" started-at="2022-05-17T11:48:21 IST" name="test_addNewVideoGame" data-provider="dp" finished-at="2022-05-17T11:48:21 IST" duration-ms="53" status="PASS">
          <params>
            <param index="0">
              <value>
                <![CDATA[155]]>
              </value>
            </param>
            <param index="1">
              <value>
                <![CDATA[Spider-Man]]>
              </value>
            </param>
            <param index="2">
              <value>
                <![CDATA[2019-09-20T08:55:58.510Z]]>
              </value>
            </param>
            <param index="3">
              <value>
                <![CDATA[5]]>
              </value>
            </param>
            <param index="4">
              <value>
                <![CDATA[Adventure]]>
              </value>
            </param>
            <param index="5">
              <value>
                <![CDATA[Universal]]>
              </value>
            </param>
          </params>
          <reporter-output>
          </reporter-output>
        </test-method> <!-- test_addNewVideoGame -->
        <test-method signature="test_getVideoGame(java.lang.String,java.lang.String,java.lang.String,java.lang.String,java.lang.String,java.lang.String)[pri:2, instance:testCases.TC_Post_VideoGame_DDT@3c7f66c4]" started-at="2022-05-17T11:48:21 IST" name="test_getVideoGame" data-provider="dp" finished-at="2022-05-17T11:48:22 IST" duration-ms="90" status="PASS">
          <params>
            <param index="0">
              <value>
                <![CDATA[151]]>
              </value>
            </param>
            <param index="1">
              <value>
                <![CDATA[Hide-and-seek]]>
              </value>
            </param>
            <param index="2">
              <value>
                <![CDATA[2019-09-20T08:55:58.510Z]]>
              </value>
            </param>
            <param index="3">
              <value>
                <![CDATA[4]]>
              </value>
            </param>
            <param index="4">
              <value>
                <![CDATA[Adventure]]>
              </value>
            </param>
            <param index="5">
              <value>
                <![CDATA[Universal]]>
              </value>
            </param>
          </params>
          <reporter-output>
          </reporter-output>
        </test-method> <!-- test_getVideoGame -->
        <test-method signature="test_getVideoGame(java.lang.String,java.lang.String,java.lang.String,java.lang.String,java.lang.String,java.lang.String)[pri:2, instance:testCases.TC_Post_VideoGame_DDT@3c7f66c4]" started-at="2022-05-17T11:48:22 IST" name="test_getVideoGame" data-provider="dp" finished-at="2022-05-17T11:48:22 IST" duration-ms="73" status="PASS">
          <params>
            <param index="0">
              <value>
                <![CDATA[152]]>
              </value>
            </param>
            <param index="1">
              <value>
                <![CDATA[Musical chairs]]>
              </value>
            </param>
            <param index="2">
              <value>
                <![CDATA[2019-09-20T08:55:58.510Z]]>
              </value>
            </param>
            <param index="3">
              <value>
                <![CDATA[3]]>
              </value>
            </param>
            <param index="4">
              <value>
                <![CDATA[Adventure]]>
              </value>
            </param>
            <param index="5">
              <value>
                <![CDATA[Universal]]>
              </value>
            </param>
          </params>
          <reporter-output>
          </reporter-output>
        </test-method> <!-- test_getVideoGame -->
        <test-method signature="test_getVideoGame(java.lang.String,java.lang.String,java.lang.String,java.lang.String,java.lang.String,java.lang.String)[pri:2, instance:testCases.TC_Post_VideoGame_DDT@3c7f66c4]" started-at="2022-05-17T11:48:22 IST" name="test_getVideoGame" data-provider="dp" finished-at="2022-05-17T11:48:22 IST" duration-ms="83" status="PASS">
          <params>
            <param index="0">
              <value>
                <![CDATA[153]]>
              </value>
            </param>
            <param index="1">
              <value>
                <![CDATA[Charades]]>
              </value>
            </param>
            <param index="2">
              <value>
                <![CDATA[2019-09-20T08:55:58.510Z]]>
              </value>
            </param>
            <param index="3">
              <value>
                <![CDATA[4]]>
              </value>
            </param>
            <param index="4">
              <value>
                <![CDATA[Adventure]]>
              </value>
            </param>
            <param index="5">
              <value>
                <![CDATA[Universal]]>
              </value>
            </param>
          </params>
          <reporter-output>
          </reporter-output>
        </test-method> <!-- test_getVideoGame -->
        <test-method signature="test_getVideoGame(java.lang.String,java.lang.String,java.lang.String,java.lang.String,java.lang.String,java.lang.String)[pri:2, instance:testCases.TC_Post_VideoGame_DDT@3c7f66c4]" started-at="2022-05-17T11:48:22 IST" name="test_getVideoGame" data-provider="dp" finished-at="2022-05-17T11:48:22 IST" duration-ms="92" status="PASS">
          <params>
            <param index="0">
              <value>
                <![CDATA[154]]>
              </value>
            </param>
            <param index="1">
              <value>
                <![CDATA[Pictionary]]>
              </value>
            </param>
            <param index="2">
              <value>
                <![CDATA[2019-09-20T08:55:58.510Z]]>
              </value>
            </param>
            <param index="3">
              <value>
                <![CDATA[5]]>
              </value>
            </param>
            <param index="4">
              <value>
                <![CDATA[Adventure]]>
              </value>
            </param>
            <param index="5">
              <value>
                <![CDATA[Universal]]>
              </value>
            </param>
          </params>
          <reporter-output>
          </reporter-output>
        </test-method> <!-- test_getVideoGame -->
        <test-method signature="test_getVideoGame(java.lang.String,java.lang.String,java.lang.String,java.lang.String,java.lang.String,java.lang.String)[pri:2, instance:testCases.TC_Post_VideoGame_DDT@3c7f66c4]" started-at="2022-05-17T11:48:22 IST" name="test_getVideoGame" data-provider="dp" finished-at="2022-05-17T11:48:22 IST" duration-ms="81" status="PASS">
          <params>
            <param index="0">
              <value>
                <![CDATA[155]]>
              </value>
            </param>
            <param index="1">
              <value>
                <![CDATA[Spider-Man]]>
              </value>
            </param>
            <param index="2">
              <value>
                <![CDATA[2019-09-20T08:55:58.510Z]]>
              </value>
            </param>
            <param index="3">
              <value>
                <![CDATA[5]]>
              </value>
            </param>
            <param index="4">
              <value>
                <![CDATA[Adventure]]>
              </value>
            </param>
            <param index="5">
              <value>
                <![CDATA[Universal]]>
              </value>
            </param>
          </params>
          <reporter-output>
          </reporter-output>
        </test-method> <!-- test_getVideoGame -->
      </class> <!-- testCases.TC_Post_VideoGame_DDT -->
      <class name="testCases.TC_VideoGameAPI_Tests">
        <test-method signature="test_getAllVideoGames()[pri:1, instance:testCases.TC_VideoGameAPI_Tests@21e360a]" started-at="2022-05-17T11:48:06 IST" name="test_getAllVideoGames" finished-at="2022-05-17T11:48:14 IST" duration-ms="8149" status="PASS">
          <reporter-output>
          </reporter-output>
        </test-method> <!-- test_getAllVideoGames -->
        <test-method signature="test_addNewVideoGame()[pri:2, instance:testCases.TC_VideoGameAPI_Tests@21e360a]" started-at="2022-05-17T11:48:14 IST" name="test_addNewVideoGame" finished-at="2022-05-17T11:48:15 IST" duration-ms="1405" status="PASS">
          <reporter-output>
          </reporter-output>
        </test-method> <!-- test_addNewVideoGame -->
        <test-method signature="test_getVideoGame()[pri:3, instance:testCases.TC_VideoGameAPI_Tests@21e360a]" started-at="2022-05-17T11:48:15 IST" name="test_getVideoGame" finished-at="2022-05-17T11:48:17 IST" duration-ms="1284" status="PASS">
          <reporter-output>
          </reporter-output>
        </test-method> <!-- test_getVideoGame -->
        <test-method signature="test_UpdateVideoGame()[pri:4, instance:testCases.TC_VideoGameAPI_Tests@21e360a]" started-at="2022-05-17T11:48:17 IST" name="test_UpdateVideoGame" finished-at="2022-05-17T11:48:17 IST" duration-ms="127" status="PASS">
          <reporter-output>
          </reporter-output>
        </test-method> <!-- test_UpdateVideoGame -->
        <test-method signature="test_DeleteVideoGame()[pri:5, instance:testCases.TC_VideoGameAPI_Tests@21e360a]" started-at="2022-05-17T11:48:17 IST" name="test_DeleteVideoGame" finished-at="2022-05-17T11:48:17 IST" duration-ms="63" status="PASS">
          <reporter-output>
          </reporter-output>
        </test-method> <!-- test_DeleteVideoGame -->
      </class> <!-- testCases.TC_VideoGameAPI_Tests -->
    </test> <!-- video game test -->
  </suite> <!-- video game suite -->
</testng-results>
